<?xml version="1.0" encoding="UTF-8"?>
<!-- Generated by org.testng.reporters.JUnitReportReporter -->
<testsuite hostname="DESKTOP-ANRNR7S" failures="0" tests="1" name="testCase.TC01" time="16.995" errors="0" timestamp="2023-09-02T18:31:26 IST" skipped="0">
  <testcase classname="testCase.TC01" name="verifySlider" time="16.995"/>
  <system-out/>
</testsuite> <!-- testCase.TC01 -->
